<?xml version="1.0" encoding="UTF-8"?>
<testsuite xmlns:xsi="http://www.w3.org/2001/XMLSchema-instance" xsi:noNamespaceSchemaLocation="https://maven.apache.org/surefire/maven-surefire-plugin/xsd/surefire-test-report-3.0.xsd" version="3.0" name="TestSuite" time="20.541" tests="1" errors="0" skipped="0" failures="0">
  <properties>
    <property name="sun.desktop" value="windows"/>
    <property name="awt.toolkit" value="sun.awt.windows.WToolkit"/>
    <property name="surefire.suiteXmlFiles" value="testng.xml"/>
    <property name="java.specification.version" value="11"/>
    <property name="sun.cpu.isalist" value="amd64"/>
    <property name="sun.jnu.encoding" value="Cp1252"/>
    <property name="java.class.path" value="C:\Users\hp\eclipse-workspace\WinAuto\target\test-classes;C:\Users\hp\eclipse-workspace\WinAuto\target\classes;C:\Users\hp\.m2\repository\com\microsoft\azure\sdk\iot\iot-device-client\1.3.31\iot-device-client-1.3.31.jar;C:\Users\hp\.m2\repository\org\apache\qpid\proton-j\0.18.0\proton-j-0.18.0.jar;C:\Users\hp\.m2\repository\com\microsoft\azure\sdk\iot\deps\websocket-transport-layer\0.1.3\websocket-transport-layer-0.1.3.jar;C:\Users\hp\.m2\repository\com\microsoft\azure\sdk\iot\deps\iot-deps-serializer\0.7.6\iot-deps-serializer-0.7.6.jar;C:\Users\hp\.m2\repository\com\microsoft\azure\azure-storage\2.2.0\azure-storage-2.2.0.jar;C:\Users\hp\.m2\repository\com\fasterxml\jackson\core\jackson-core\2.2.3\jackson-core-2.2.3.jar;C:\Users\hp\.m2\repository\org\eclipse\paho\org.eclipse.paho.client.mqttv3\1.1.0\org.eclipse.paho.client.mqttv3-1.1.0.jar;C:\Users\hp\.m2\repository\com\google\code\gson\gson\2.8.0\gson-2.8.0.jar;C:\Users\hp\.m2\repository\commons-codec\commons-codec\1.10\commons-codec-1.10.jar;C:\Users\hp\.m2\repository\log4j\log4j\1.2.17\log4j-1.2.17.jar;C:\Users\hp\.m2\repository\com\microsoft\azure\sdk\iot\iot-service-client\1.6.23\iot-service-client-1.6.23.jar;C:\Users\hp\.m2\repository\org\glassfish\javax.json\1.0.4\javax.json-1.0.4.jar;C:\Users\hp\.m2\repository\org\seleniumhq\selenium\selenium-java\3.141.59\selenium-java-3.141.59.jar;C:\Users\hp\.m2\repository\org\seleniumhq\selenium\selenium-api\3.141.59\selenium-api-3.141.59.jar;C:\Users\hp\.m2\repository\org\seleniumhq\selenium\selenium-chrome-driver\3.141.59\selenium-chrome-driver-3.141.59.jar;C:\Users\hp\.m2\repository\org\seleniumhq\selenium\selenium-edge-driver\3.141.59\selenium-edge-driver-3.141.59.jar;C:\Users\hp\.m2\repository\org\seleniumhq\selenium\selenium-firefox-driver\3.141.59\selenium-firefox-driver-3.141.59.jar;C:\Users\hp\.m2\repository\org\seleniumhq\selenium\selenium-ie-driver\3.141.59\selenium-ie-driver-3.141.59.jar;C:\Users\hp\.m2\repository\org\seleniumhq\selenium\selenium-opera-driver\3.141.59\selenium-opera-driver-3.141.59.jar;C:\Users\hp\.m2\repository\org\seleniumhq\selenium\selenium-remote-driver\3.141.59\selenium-remote-driver-3.141.59.jar;C:\Users\hp\.m2\repository\org\seleniumhq\selenium\selenium-safari-driver\3.141.59\selenium-safari-driver-3.141.59.jar;C:\Users\hp\.m2\repository\org\seleniumhq\selenium\selenium-support\3.141.59\selenium-support-3.141.59.jar;C:\Users\hp\.m2\repository\net\bytebuddy\byte-buddy\1.8.15\byte-buddy-1.8.15.jar;C:\Users\hp\.m2\repository\org\apache\commons\commons-exec\1.3\commons-exec-1.3.jar;C:\Users\hp\.m2\repository\com\google\guava\guava\25.0-jre\guava-25.0-jre.jar;C:\Users\hp\.m2\repository\com\google\code\findbugs\jsr305\1.3.9\jsr305-1.3.9.jar;C:\Users\hp\.m2\repository\org\checkerframework\checker-compat-qual\2.0.0\checker-compat-qual-2.0.0.jar;C:\Users\hp\.m2\repository\com\google\errorprone\error_prone_annotations\2.1.3\error_prone_annotations-2.1.3.jar;C:\Users\hp\.m2\repository\com\google\j2objc\j2objc-annotations\1.1\j2objc-annotations-1.1.jar;C:\Users\hp\.m2\repository\org\codehaus\mojo\animal-sniffer-annotations\1.14\animal-sniffer-annotations-1.14.jar;C:\Users\hp\.m2\repository\com\squareup\okhttp3\okhttp\3.11.0\okhttp-3.11.0.jar;C:\Users\hp\.m2\repository\com\squareup\okio\okio\1.14.0\okio-1.14.0.jar;C:\Users\hp\.m2\repository\io\appium\java-client\7.5.1\java-client-7.5.1.jar;C:\Users\hp\.m2\repository\org\apache\httpcomponents\httpclient\4.5.13\httpclient-4.5.13.jar;C:\Users\hp\.m2\repository\org\apache\httpcomponents\httpcore\4.4.13\httpcore-4.4.13.jar;C:\Users\hp\.m2\repository\commons-logging\commons-logging\1.2\commons-logging-1.2.jar;C:\Users\hp\.m2\repository\cglib\cglib\3.3.0\cglib-3.3.0.jar;C:\Users\hp\.m2\repository\commons-validator\commons-validator\1.7\commons-validator-1.7.jar;C:\Users\hp\.m2\repository\commons-beanutils\commons-beanutils\1.9.4\commons-beanutils-1.9.4.jar;C:\Users\hp\.m2\repository\commons-digester\commons-digester\2.1\commons-digester-2.1.jar;C:\Users\hp\.m2\repository\commons-collections\commons-collections\3.2.2\commons-collections-3.2.2.jar;C:\Users\hp\.m2\repository\org\apache\commons\commons-lang3\3.12.0\commons-lang3-3.12.0.jar;C:\Users\hp\.m2\repository\org\springframework\spring-context\5.3.4\spring-context-5.3.4.jar;C:\Users\hp\.m2\repository\org\springframework\spring-aop\5.3.4\spring-aop-5.3.4.jar;C:\Users\hp\.m2\repository\org\springframework\spring-beans\5.3.4\spring-beans-5.3.4.jar;C:\Users\hp\.m2\repository\org\springframework\spring-core\5.3.4\spring-core-5.3.4.jar;C:\Users\hp\.m2\repository\org\springframework\spring-jcl\5.3.4\spring-jcl-5.3.4.jar;C:\Users\hp\.m2\repository\org\springframework\spring-expression\5.3.4\spring-expression-5.3.4.jar;C:\Users\hp\.m2\repository\org\aspectj\aspectjweaver\1.9.6\aspectjweaver-1.9.6.jar;C:\Users\hp\.m2\repository\org\slf4j\slf4j-api\2.0.7\slf4j-api-2.0.7.jar;C:\Users\hp\.m2\repository\org\testng\testng\7.7.1\testng-7.7.1.jar;C:\Users\hp\.m2\repository\org\webjars\jquery\3.6.1\jquery-3.6.1.jar;C:\Users\hp\.m2\repository\com\beust\jcommander\1.72\jcommander-1.72.jar;C:\Users\hp\.m2\repository\commons-io\commons-io\2.11.0\commons-io-2.11.0.jar;C:\Users\hp\.m2\repository\org\codehaus\mojo\exec-maven-plugin\3.3.0\exec-maven-plugin-3.3.0.jar;C:\Users\hp\.m2\repository\org\apache\maven\resolver\maven-resolver-util\1.4.1\maven-resolver-util-1.4.1.jar;C:\Users\hp\.m2\repository\org\apache\maven\resolver\maven-resolver-api\1.4.1\maven-resolver-api-1.4.1.jar;C:\Users\hp\.m2\repository\org\codehaus\plexus\plexus-utils\4.0.1\plexus-utils-4.0.1.jar;C:\Users\hp\.m2\repository\org\codehaus\plexus\plexus-xml\3.0.0\plexus-xml-3.0.0.jar;C:\Users\hp\.m2\repository\org\ow2\asm\asm\9.7\asm-9.7.jar;C:\Users\hp\.m2\repository\org\ow2\asm\asm-commons\9.7\asm-commons-9.7.jar;C:\Users\hp\.m2\repository\org\ow2\asm\asm-tree\9.7\asm-tree-9.7.jar;C:\Users\hp\.m2\repository\org\apache\maven\plugins\maven-surefire-plugin\3.3.1\maven-surefire-plugin-3.3.1.jar;C:\Users\hp\.m2\repository\org\apache\maven\surefire\surefire-api\3.3.1\surefire-api-3.3.1.jar;C:\Users\hp\.m2\repository\org\apache\maven\surefire\surefire-logger-api\3.3.1\surefire-logger-api-3.3.1.jar;C:\Users\hp\.m2\repository\org\apache\maven\surefire\surefire-shared-utils\3.3.1\surefire-shared-utils-3.3.1.jar;C:\Users\hp\.m2\repository\org\apache\maven\surefire\surefire-extensions-api\3.3.1\surefire-extensions-api-3.3.1.jar;C:\Users\hp\.m2\repository\org\apache\maven\surefire\maven-surefire-common\3.3.1\maven-surefire-common-3.3.1.jar;C:\Users\hp\.m2\repository\org\apache\maven\surefire\surefire-booter\3.3.1\surefire-booter-3.3.1.jar;C:\Users\hp\.m2\repository\org\apache\maven\surefire\surefire-extensions-spi\3.3.1\surefire-extensions-spi-3.3.1.jar;C:\Users\hp\.m2\repository\org\apache\maven\shared\maven-common-artifact-filters\3.4.0\maven-common-artifact-filters-3.4.0.jar;C:\Users\hp\.m2\repository\org\codehaus\plexus\plexus-java\1.2.0\plexus-java-1.2.0.jar;C:\Users\hp\.m2\repository\com\thoughtworks\qdox\qdox\2.0.3\qdox-2.0.3.jar;"/>
    <property name="java.vm.vendor" value="Oracle Corporation"/>
    <property name="sun.arch.data.model" value="64"/>
    <property name="user.variant" value=""/>
    <property name="java.vendor.url" value="https://openjdk.java.net/"/>
    <property name="user.timezone" value="Asia/Calcutta"/>
    <property name="java.vm.specification.version" value="11"/>
    <property name="os.name" value="Windows 10"/>
    <property name="sun.java.launcher" value="SUN_STANDARD"/>
    <property name="user.country" value="IN"/>
    <property name="sun.boot.library.path" value="C:\Program Files\Java\jdk-11\bin"/>
    <property name="sun.java.command" value="C:\Users\hp\AppData\Local\Temp\surefire16225532626161981175\surefirebooter-20240730114932305_3.jar C:\Users\hp\AppData\Local\Temp\surefire16225532626161981175 2024-07-30T11-49-31_907-jvmRun1 surefire-20240730114932305_1tmp surefire_0-20240730114932305_2tmp"/>
    <property name="jdk.debug" value="release"/>
    <property name="surefire.test.class.path" value="C:\Users\hp\eclipse-workspace\WinAuto\target\test-classes;C:\Users\hp\eclipse-workspace\WinAuto\target\classes;C:\Users\hp\.m2\repository\com\microsoft\azure\sdk\iot\iot-device-client\1.3.31\iot-device-client-1.3.31.jar;C:\Users\hp\.m2\repository\org\apache\qpid\proton-j\0.18.0\proton-j-0.18.0.jar;C:\Users\hp\.m2\repository\com\microsoft\azure\sdk\iot\deps\websocket-transport-layer\0.1.3\websocket-transport-layer-0.1.3.jar;C:\Users\hp\.m2\repository\com\microsoft\azure\sdk\iot\deps\iot-deps-serializer\0.7.6\iot-deps-serializer-0.7.6.jar;C:\Users\hp\.m2\repository\com\microsoft\azure\azure-storage\2.2.0\azure-storage-2.2.0.jar;C:\Users\hp\.m2\repository\com\fasterxml\jackson\core\jackson-core\2.2.3\jackson-core-2.2.3.jar;C:\Users\hp\.m2\repository\org\eclipse\paho\org.eclipse.paho.client.mqttv3\1.1.0\org.eclipse.paho.client.mqttv3-1.1.0.jar;C:\Users\hp\.m2\repository\com\google\code\gson\gson\2.8.0\gson-2.8.0.jar;C:\Users\hp\.m2\repository\commons-codec\commons-codec\1.10\commons-codec-1.10.jar;C:\Users\hp\.m2\repository\log4j\log4j\1.2.17\log4j-1.2.17.jar;C:\Users\hp\.m2\repository\com\microsoft\azure\sdk\iot\iot-service-client\1.6.23\iot-service-client-1.6.23.jar;C:\Users\hp\.m2\repository\org\glassfish\javax.json\1.0.4\javax.json-1.0.4.jar;C:\Users\hp\.m2\repository\org\seleniumhq\selenium\selenium-java\3.141.59\selenium-java-3.141.59.jar;C:\Users\hp\.m2\repository\org\seleniumhq\selenium\selenium-api\3.141.59\selenium-api-3.141.59.jar;C:\Users\hp\.m2\repository\org\seleniumhq\selenium\selenium-chrome-driver\3.141.59\selenium-chrome-driver-3.141.59.jar;C:\Users\hp\.m2\repository\org\seleniumhq\selenium\selenium-edge-driver\3.141.59\selenium-edge-driver-3.141.59.jar;C:\Users\hp\.m2\repository\org\seleniumhq\selenium\selenium-firefox-driver\3.141.59\selenium-firefox-driver-3.141.59.jar;C:\Users\hp\.m2\repository\org\seleniumhq\selenium\selenium-ie-driver\3.141.59\selenium-ie-driver-3.141.59.jar;C:\Users\hp\.m2\repository\org\seleniumhq\selenium\selenium-opera-driver\3.141.59\selenium-opera-driver-3.141.59.jar;C:\Users\hp\.m2\repository\org\seleniumhq\selenium\selenium-remote-driver\3.141.59\selenium-remote-driver-3.141.59.jar;C:\Users\hp\.m2\repository\org\seleniumhq\selenium\selenium-safari-driver\3.141.59\selenium-safari-driver-3.141.59.jar;C:\Users\hp\.m2\repository\org\seleniumhq\selenium\selenium-support\3.141.59\selenium-support-3.141.59.jar;C:\Users\hp\.m2\repository\net\bytebuddy\byte-buddy\1.8.15\byte-buddy-1.8.15.jar;C:\Users\hp\.m2\repository\org\apache\commons\commons-exec\1.3\commons-exec-1.3.jar;C:\Users\hp\.m2\repository\com\google\guava\guava\25.0-jre\guava-25.0-jre.jar;C:\Users\hp\.m2\repository\com\google\code\findbugs\jsr305\1.3.9\jsr305-1.3.9.jar;C:\Users\hp\.m2\repository\org\checkerframework\checker-compat-qual\2.0.0\checker-compat-qual-2.0.0.jar;C:\Users\hp\.m2\repository\com\google\errorprone\error_prone_annotations\2.1.3\error_prone_annotations-2.1.3.jar;C:\Users\hp\.m2\repository\com\google\j2objc\j2objc-annotations\1.1\j2objc-annotations-1.1.jar;C:\Users\hp\.m2\repository\org\codehaus\mojo\animal-sniffer-annotations\1.14\animal-sniffer-annotations-1.14.jar;C:\Users\hp\.m2\repository\com\squareup\okhttp3\okhttp\3.11.0\okhttp-3.11.0.jar;C:\Users\hp\.m2\repository\com\squareup\okio\okio\1.14.0\okio-1.14.0.jar;C:\Users\hp\.m2\repository\io\appium\java-client\7.5.1\java-client-7.5.1.jar;C:\Users\hp\.m2\repository\org\apache\httpcomponents\httpclient\4.5.13\httpclient-4.5.13.jar;C:\Users\hp\.m2\repository\org\apache\httpcomponents\httpcore\4.4.13\httpcore-4.4.13.jar;C:\Users\hp\.m2\repository\commons-logging\commons-logging\1.2\commons-logging-1.2.jar;C:\Users\hp\.m2\repository\cglib\cglib\3.3.0\cglib-3.3.0.jar;C:\Users\hp\.m2\repository\commons-validator\commons-validator\1.7\commons-validator-1.7.jar;C:\Users\hp\.m2\repository\commons-beanutils\commons-beanutils\1.9.4\commons-beanutils-1.9.4.jar;C:\Users\hp\.m2\repository\commons-digester\commons-digester\2.1\commons-digester-2.1.jar;C:\Users\hp\.m2\repository\commons-collections\commons-collections\3.2.2\commons-collections-3.2.2.jar;C:\Users\hp\.m2\repository\org\apache\commons\commons-lang3\3.12.0\commons-lang3-3.12.0.jar;C:\Users\hp\.m2\repository\org\springframework\spring-context\5.3.4\spring-context-5.3.4.jar;C:\Users\hp\.m2\repository\org\springframework\spring-aop\5.3.4\spring-aop-5.3.4.jar;C:\Users\hp\.m2\repository\org\springframework\spring-beans\5.3.4\spring-beans-5.3.4.jar;C:\Users\hp\.m2\repository\org\springframework\spring-core\5.3.4\spring-core-5.3.4.jar;C:\Users\hp\.m2\repository\org\springframework\spring-jcl\5.3.4\spring-jcl-5.3.4.jar;C:\Users\hp\.m2\repository\org\springframework\spring-expression\5.3.4\spring-expression-5.3.4.jar;C:\Users\hp\.m2\repository\org\aspectj\aspectjweaver\1.9.6\aspectjweaver-1.9.6.jar;C:\Users\hp\.m2\repository\org\slf4j\slf4j-api\2.0.7\slf4j-api-2.0.7.jar;C:\Users\hp\.m2\repository\org\testng\testng\7.7.1\testng-7.7.1.jar;C:\Users\hp\.m2\repository\org\webjars\jquery\3.6.1\jquery-3.6.1.jar;C:\Users\hp\.m2\repository\com\beust\jcommander\1.72\jcommander-1.72.jar;C:\Users\hp\.m2\repository\commons-io\commons-io\2.11.0\commons-io-2.11.0.jar;C:\Users\hp\.m2\repository\org\codehaus\mojo\exec-maven-plugin\3.3.0\exec-maven-plugin-3.3.0.jar;C:\Users\hp\.m2\repository\org\apache\maven\resolver\maven-resolver-util\1.4.1\maven-resolver-util-1.4.1.jar;C:\Users\hp\.m2\repository\org\apache\maven\resolver\maven-resolver-api\1.4.1\maven-resolver-api-1.4.1.jar;C:\Users\hp\.m2\repository\org\codehaus\plexus\plexus-utils\4.0.1\plexus-utils-4.0.1.jar;C:\Users\hp\.m2\repository\org\codehaus\plexus\plexus-xml\3.0.0\plexus-xml-3.0.0.jar;C:\Users\hp\.m2\repository\org\ow2\asm\asm\9.7\asm-9.7.jar;C:\Users\hp\.m2\repository\org\ow2\asm\asm-commons\9.7\asm-commons-9.7.jar;C:\Users\hp\.m2\repository\org\ow2\asm\asm-tree\9.7\asm-tree-9.7.jar;C:\Users\hp\.m2\repository\org\apache\maven\plugins\maven-surefire-plugin\3.3.1\maven-surefire-plugin-3.3.1.jar;C:\Users\hp\.m2\repository\org\apache\maven\surefire\surefire-api\3.3.1\surefire-api-3.3.1.jar;C:\Users\hp\.m2\repository\org\apache\maven\surefire\surefire-logger-api\3.3.1\surefire-logger-api-3.3.1.jar;C:\Users\hp\.m2\repository\org\apache\maven\surefire\surefire-shared-utils\3.3.1\surefire-shared-utils-3.3.1.jar;C:\Users\hp\.m2\repository\org\apache\maven\surefire\surefire-extensions-api\3.3.1\surefire-extensions-api-3.3.1.jar;C:\Users\hp\.m2\repository\org\apache\maven\surefire\maven-surefire-common\3.3.1\maven-surefire-common-3.3.1.jar;C:\Users\hp\.m2\repository\org\apache\maven\surefire\surefire-booter\3.3.1\surefire-booter-3.3.1.jar;C:\Users\hp\.m2\repository\org\apache\maven\surefire\surefire-extensions-spi\3.3.1\surefire-extensions-spi-3.3.1.jar;C:\Users\hp\.m2\repository\org\apache\maven\shared\maven-common-artifact-filters\3.4.0\maven-common-artifact-filters-3.4.0.jar;C:\Users\hp\.m2\repository\org\codehaus\plexus\plexus-java\1.2.0\plexus-java-1.2.0.jar;C:\Users\hp\.m2\repository\com\thoughtworks\qdox\qdox\2.0.3\qdox-2.0.3.jar;"/>
    <property name="sun.cpu.endian" value="little"/>
    <property name="user.home" value="C:\Users\hp"/>
    <property name="user.language" value="en"/>
    <property name="java.specification.vendor" value="Oracle Corporation"/>
    <property name="java.version.date" value="2023-10-17"/>
    <property name="java.home" value="C:\Program Files\Java\jdk-11"/>
    <property name="file.separator" value="\"/>
    <property name="basedir" value="C:\Users\hp\eclipse-workspace\WinAuto"/>
    <property name="java.vm.compressedOopsMode" value="32-bit"/>
    <property name="line.separator" value="&#10;"/>
    <property name="java.specification.name" value="Java Platform API Specification"/>
    <property name="java.vm.specification.vendor" value="Oracle Corporation"/>
    <property name="java.awt.graphicsenv" value="sun.awt.Win32GraphicsEnvironment"/>
    <property name="surefire.real.class.path" value="C:\Users\hp\AppData\Local\Temp\surefire16225532626161981175\surefirebooter-20240730114932305_3.jar"/>
    <property name="user.script" value=""/>
    <property name="sun.management.compiler" value="HotSpot 64-Bit Tiered Compilers"/>
    <property name="java.runtime.version" value="11.0.21+9-LTS-193"/>
    <property name="user.name" value="hp"/>
    <property name="path.separator" value=";"/>
    <property name="os.version" value="10.0"/>
    <property name="java.runtime.name" value="Java(TM) SE Runtime Environment"/>
    <property name="file.encoding" value="Cp1252"/>
    <property name="java.vm.name" value="Java HotSpot(TM) 64-Bit Server VM"/>
    <property name="java.vendor.version" value="18.9"/>
    <property name="localRepository" value="C:\Users\hp\.m2\repository"/>
    <property name="java.vendor.url.bug" value="https://bugreport.java.com/bugreport/"/>
    <property name="java.io.tmpdir" value="C:\Users\hp\AppData\Local\Temp\"/>
    <property name="java.version" value="11.0.21"/>
    <property name="user.dir" value="C:\Users\hp\eclipse-workspace\WinAuto"/>
    <property name="os.arch" value="amd64"/>
    <property name="java.vm.specification.name" value="Java Virtual Machine Specification"/>
    <property name="java.awt.printerjob" value="sun.awt.windows.WPrinterJob"/>
    <property name="sun.os.patch.level" value=""/>
    <property name="java.library.path" value="C:\Program Files\Java\jdk-11\bin;C:\WINDOWS\Sun\Java\bin;C:\WINDOWS\system32;C:\WINDOWS;C:\Program Files\Common Files\Oracle\Java\javapath;C:\Python312\Scripts\;C:\Python312\;C:\WINDOWS\system32;C:\WINDOWS;C:\WINDOWS\System32\Wbem;C:\WINDOWS\System32\WindowsPowerShell\v1.0\;C:\WINDOWS\System32\OpenSSH\;C:\Program Files\Java;C:\Program Files\Maven\apache-maven-3.9.3\bin;C:\Program Files\dotnet\;C:\Program Files\Git\cmd;C:\Program Files\nodejs\;C:\ProgramData\chocolatey\bin;C:\Program Files\Java\jdk-11\bin;C:\Users\hp\AppData\Local\Android\Sdk\tools\bin;C:\Users\hp\AppData\Local\Android\Sdk\tools;C:\Users\hp\AppData\Local\Android\Sdk\platform-tools;C:\Users\hp\AppData\Local\Microsoft\WindowsApps;C:\Users\hp\.dotnet\tools;C:\Users\hp\AppData\Roaming\npm;."/>
    <property name="java.vendor" value="Oracle Corporation"/>
    <property name="java.vm.info" value="mixed mode"/>
    <property name="java.vm.version" value="11.0.21+9-LTS-193"/>
    <property name="java.specification.maintenance.version" value="2"/>
    <property name="sun.io.unicode.encoding" value="UnicodeLittle"/>
    <property name="java.class.version" value="55.0"/>
  </properties>
  <testcase name="interactwMqtt" classname="Firstapp.MQTTAuto" time="17.385">
    <system-out><![CDATA[Element Not Tracked
]]></system-out>
    <system-err><![CDATA[SLF4J: No SLF4J providers were found.
SLF4J: Defaulting to no-operation (NOP) logger implementation
SLF4J: See https://www.slf4j.org/codes.html#noProviders for further details.
Jul 30, 2024 11:49:35 AM io.appium.java_client.remote.AppiumCommandExecutor$1 lambda$0
INFO: Detected dialect: OSS
]]></system-err>
  </testcase>
</testsuite>