<?xml version="1.0" encoding="UTF-8"?>
<!-- Generated by org.testng.reporters.JUnitReportReporter -->
<testsuite hostname="RitusPC" failures="0" tests="1" name="Firstapp.Azzure" time="16.223" errors="0" timestamp="2024-07-24T11:07:35 IST" skipped="0">
  <testcase classname="Firstapp.Azzure" name="interact" time="16.223"/>
  <system-out/>
</testsuite> <!-- Firstapp.Azzure -->
