<?xml version="1.0" encoding="UTF-8"?>
<!-- Generated by org.testng.reporters.JUnitReportReporter -->
<testsuite hostname="RitusPC" failures="0" tests="4" name="Firstapp.MQTT_IOT" time="43.782" errors="0" timestamp="2024-06-27T17:25:54 IST" skipped="0">
  <testcase classname="Firstapp.MQTT_IOT" name="iot" time="3.919"/>
  <system-out/>
  <testcase classname="Firstapp.MQTT_IOT" name="intitializationiot" time="11.934"/>
  <system-out/>
  <testcase classname="Firstapp.MQTT_IOT" name="mqtt" time="6.709"/>
  <system-out/>
  <testcase classname="Firstapp.MQTT_IOT" name="initializationmqtt" time="21.220"/>
  <system-out/>
</testsuite> <!-- Firstapp.MQTT_IOT -->
