<?xml version="1.0" encoding="UTF-8"?>
<!-- Generated by org.testng.reporters.JUnitReportReporter -->
<testsuite hostname="RitusPC" failures="0" tests="4" name="Firstapp.MQTT_IOT" time="31.532" errors="0" timestamp="2024-07-24T10:55:18 IST" skipped="0">
  <testcase classname="Firstapp.MQTT_IOT" name="iot" time="2.978"/>
  <system-out/>
  <testcase classname="Firstapp.MQTT_IOT" name="intitializationiot" time="11.086"/>
  <system-out/>
  <testcase classname="Firstapp.MQTT_IOT" name="mqtt" time="6.479"/>
  <system-out/>
  <testcase classname="Firstapp.MQTT_IOT" name="initializationmqtt" time="10.989"/>
  <system-out/>
</testsuite> <!-- Firstapp.MQTT_IOT -->
