<?xml version="1.0" encoding="UTF-8"?>
<!-- Generated by org.testng.reporters.JUnitReportReporter -->
<testsuite hostname="RitusPC" failures="0" tests="1" name="Firstapp.Azzure" time="6.165" errors="0" timestamp="2024-06-25T17:33:05 IST" skipped="0">
  <testcase classname="Firstapp.Azzure" name="interact" time="6.165"/>
  <system-out/>
</testsuite> <!-- Firstapp.Azzure -->
