<?xml version="1.0" encoding="UTF-8"?>
<!-- Generated by org.testng.reporters.JUnitReportReporter -->
<testsuite hostname="RitusPC" failures="0" tests="1" name="Firstapp.MQTTAuto" time="17.537" errors="0" timestamp="2024-06-27T15:54:27 IST" skipped="0">
  <testcase classname="Firstapp.MQTTAuto" name="interactwMqtt" time="17.537"/>
  <system-out/>
</testsuite> <!-- Firstapp.MQTTAuto -->
