<?xml version="1.0" encoding="UTF-8"?>
<!-- Generated by org.testng.reporters.JUnitReportReporter -->
<testsuite hostname="RitusPC" failures="0" tests="1" name="Firstapp.MQTTAuto" time="21.464" errors="0" timestamp="2024-07-24T11:04:27 IST" skipped="0">
  <testcase classname="Firstapp.MQTTAuto" name="interactwMqtt" time="21.464"/>
  <system-out/>
</testsuite> <!-- Firstapp.MQTTAuto -->
