<?xml version="1.0" encoding="UTF-8"?>
<!-- Generated by org.testng.reporters.JUnitReportReporter -->
<testsuite hostname="RitusPC" failures="0" tests="1" name="Firstapp.MQTTAuto" time="19.387" errors="0" timestamp="2024-07-30T11:49:53 IST" skipped="0">
  <testcase classname="Firstapp.MQTTAuto" name="interactwMqtt" time="19.387"/>
  <system-out/>
</testsuite> <!-- Firstapp.MQTTAuto -->
